-- canu 2.2
--
-- CITATIONS
--
-- For 'standard' assemblies of PacBio or Nanopore reads:
--   Koren S, Walenz BP, Berlin K, Miller JR, Phillippy AM.
--   Canu: scalable and accurate long-read assembly via adaptive k-mer weighting and repeat separation.
--   Genome Res. 2017 May;27(5):722-736.
--   http://doi.org/10.1101/gr.215087.116
-- 
-- Read and contig alignments during correction and consensus use:
--   Šošic M, Šikic M.
--   Edlib: a C/C ++ library for fast, exact sequence alignment using edit distance.
--   Bioinformatics. 2017 May 1;33(9):1394-1395.
--   http://doi.org/10.1093/bioinformatics/btw753
-- 
-- Overlaps are generated using:
--   Berlin K, et al.
--   Assembling large genomes with single-molecule sequencing and locality-sensitive hashing.
--   Nat Biotechnol. 2015 Jun;33(6):623-30.
--   http://doi.org/10.1038/nbt.3238
-- 
--   Myers EW, et al.
--   A Whole-Genome Assembly of Drosophila.
--   Science. 2000 Mar 24;287(5461):2196-204.
--   http://doi.org/10.1126/science.287.5461.2196
-- 
-- Corrected read consensus sequences are generated using an algorithm derived from FALCON-sense:
--   Chin CS, et al.
--   Phased diploid genome assembly with single-molecule real-time sequencing.
--   Nat Methods. 2016 Dec;13(12):1050-1054.
--   http://doi.org/10.1038/nmeth.4035
-- 
-- Contig consensus sequences are generated using an algorithm derived from pbdagcon:
--   Chin CS, et al.
--   Nonhybrid, finished microbial genome assemblies from long-read SMRT sequencing data.
--   Nat Methods. 2013 Jun;10(6):563-9
--   http://doi.org/10.1038/nmeth.2474
-- 
-- CONFIGURE CANU
--
-- Detected Java(TM) Runtime Environment '22.0.2' (from 'java') without -d64 support.
--
-- WARNING:
-- WARNING:  Failed to run gnuplot using command 'gnuplot'.
-- WARNING:  Plots will be disabled.
-- WARNING:
--
--
-- Detected 6 CPUs and 16 gigabytes of memory on the local machine.
--
-- Local machine mode enabled; grid support not detected or not allowed.
--
--                                (tag)Concurrency
--                         (tag)Threads          |
--                (tag)Memory         |          |
--        (tag)             |         |          |       total usage      algorithm
--        -------  ----------  --------   --------  --------------------  -----------------------------
-- Local: meryl      8.000 GB    3 CPUs x   2 jobs    16.000 GB   6 CPUs  (k-mer counting)
-- Local: hap        8.000 GB    3 CPUs x   2 jobs    16.000 GB   6 CPUs  (read-to-haplotype assignment)
-- Local: cormhap    6.000 GB    6 CPUs x   1 job      6.000 GB   6 CPUs  (overlap detection with mhap)
-- Local: obtovl     4.000 GB    6 CPUs x   1 job      4.000 GB   6 CPUs  (overlap detection)
-- Local: utgovl     4.000 GB    6 CPUs x   1 job      4.000 GB   6 CPUs  (overlap detection)
-- Local: cor        -.--- GB    4 CPUs x   - jobs     -.--- GB   - CPUs  (read correction)
-- Local: ovb        4.000 GB    1 CPU  x   4 jobs    16.000 GB   4 CPUs  (overlap store bucketizer)
-- Local: ovs        8.000 GB    1 CPU  x   2 jobs    16.000 GB   2 CPUs  (overlap store sorting)
-- Local: red        8.000 GB    3 CPUs x   2 jobs    16.000 GB   6 CPUs  (read error detection)
-- Local: oea        8.000 GB    1 CPU  x   2 jobs    16.000 GB   2 CPUs  (overlap error adjustment)
-- Local: bat       16.000 GB    4 CPUs x   1 job     16.000 GB   4 CPUs  (contig construction with bogart)
-- Local: cns        -.--- GB    4 CPUs x   - jobs     -.--- GB   - CPUs  (consensus)
--
-- Found PacBio CLR reads in 'ecoli.seqStore':
--   Libraries:
--     PacBio CLR:            1
--   Reads:
--     Raw:                   115899341
--     Corrected:             91164215
--     Corrected and Trimmed: 88900934
--
--
-- Generating assembly 'ecoli' in '/Users/pfb2024/PFB_problemsets/genomeassembly/ecoli-pacbio':
--   genomeSize:
--     4800000
--
--   Overlap Generation Limits:
--     corOvlErrorRate 0.2400 ( 24.00%)
--     obtOvlErrorRate 0.0450 (  4.50%)
--     utgOvlErrorRate 0.0450 (  4.50%)
--
--   Overlap Processing Limits:
--     corErrorRate    0.2500 ( 25.00%)
--     obtErrorRate    0.0450 (  4.50%)
--     utgErrorRate    0.0450 (  4.50%)
--     cnsErrorRate    0.0750 (  7.50%)
--
--   Stages to run:
--     assemble corrected and trimmed reads.
--
--
-- Correction skipped; not enabled.
--
-- Trimming skipped; not enabled.
--
-- Unitigging skipped; contigs exist in ecoli.contigs.fasta.
--
-- Bye.
